<?xml version="1.0" encoding="UTF-8"?>
<!-- Generated by org.testng.reporters.JUnitReportReporter -->
<testsuite skipped="0" hostname="LAPTOP-IJP9TB0L" name="crossBrowserTesting.DifferentBrowser" tests="1" failures="0" timestamp="22 Nov 2017 04:59:22 GMT" time="7.196" errors="0">
  <testcase name="openDifferentBrowser" time="7.196" classname="crossBrowserTesting.DifferentBrowser"/>
</testsuite> <!-- crossBrowserTesting.DifferentBrowser -->
