<?xml version="1.0" encoding="UTF-8"?>
<!-- Generated by org.testng.reporters.JUnitReportReporter -->
<testsuite skipped="1" hostname="LAPTOP-IJP9TB0L" name="demo.VerifyTitle" tests="1" failures="0" timestamp="17 Feb 2018 22:36:24 GMT" time="0.000" errors="0">
  <testcase name="verifyTitle" time="0.000" classname="demo.VerifyTitle">
    <skipped/>
  </testcase> <!-- verifyTitle -->
</testsuite> <!-- demo.VerifyTitle -->
