<?xml version="1.0" encoding="UTF-8"?>
<!-- Generated by org.testng.reporters.JUnitReportReporter -->
<testsuite skipped="0" hostname="LAPTOP-IJP9TB0L" name="crossBrowserTesting.DifferentBrowser" tests="1" failures="0" timestamp="26 Jan 2018 05:46:47 GMT" time="20.301" errors="0">
  <testcase name="openDifferentBrowser" time="20.301" classname="crossBrowserTesting.DifferentBrowser"/>
</testsuite> <!-- crossBrowserTesting.DifferentBrowser -->
